<?xml version="1.0" encoding="UTF-8"?>
<!-- Generated by org.testng.reporters.JUnitReportReporter -->
<testsuite hostname="DESKTOP-RDP6H5E" name="testScript.LoginTest" tests="1" failures="0" timestamp="19 Jul 2021 16:37:28 GMT" time="3.841" errors="0">
  <testcase name="loginTest" time="3.841" classname="testScript.LoginTest"/>
</testsuite> <!-- testScript.LoginTest -->
