<?xml version="1.0" encoding="UTF-8"?>
<!-- Generated by org.testng.reporters.JUnitReportReporter -->
<testsuite hostname="DESKTOP-RDP6H5E" name="testScript.TestNGTestScript" tests="2" failures="0" timestamp="19 Jul 2021 14:53:25 GMT" time="7.929" errors="0">
  <testcase name="positiveloginTest" time="4.577" classname="testScript.TestNGTestScript"/>
  <testcase name="negativeloginTest" time="3.352" classname="testScript.TestNGTestScript"/>
</testsuite> <!-- testScript.TestNGTestScript -->
