<?xml version="1.0" encoding="UTF-8"?>
<!-- Generated by org.testng.reporters.JUnitReportReporter -->
<testsuite hostname="DESKTOP-RDP6H5E" name="flickerSignuptest.PracticeTest" tests="1" failures="0" timestamp="11 Mar 2021 19:24:23 GMT" time="0.808" errors="0">
  <testcase name="flickrtest" time="0.808" classname="flickerSignuptest.PracticeTest"/>
</testsuite> <!-- flickerSignuptest.PracticeTest -->
