<?xml version="1.0" encoding="UTF-8"?>
<!-- Generated by org.testng.reporters.JUnitReportReporter -->
<testsuite hostname="DESKTOP-RDP6H5E" name="flickerSignuptest.Parametarization" tests="4" failures="0" timestamp="11 Mar 2021 20:41:07 GMT" time="2.468" errors="0">
  <testcase name="flickertest" time="0.648" classname="flickerSignuptest.Parametarization"/>
  <testcase name="flickertest" time="0.615" classname="flickerSignuptest.Parametarization"/>
  <testcase name="flickertest" time="0.689" classname="flickerSignuptest.Parametarization"/>
  <testcase name="flickertest" time="0.516" classname="flickerSignuptest.Parametarization"/>
</testsuite> <!-- flickerSignuptest.Parametarization -->
