<?xml version="1.0" encoding="UTF-8"?>
<!-- Generated by org.testng.reporters.JUnitReportReporter -->
<testsuite hostname="DESKTOP-RDP6H5E" name="flickerSignuptest.SignupTest" tests="2" failures="0" timestamp="11 Mar 2021 19:53:39 GMT" time="1.459" errors="0">
  <testcase name="flickrtest" time="0.787" classname="flickerSignuptest.SignupTest"/>
  <testcase name="flickrtest" time="0.672" classname="flickerSignuptest.SignupTest"/>
</testsuite> <!-- flickerSignuptest.SignupTest -->
