<?xml version="1.0" encoding="UTF-8"?>
<!-- Generated by org.testng.reporters.JUnitReportReporter -->
<testsuite hostname="DESKTOP-RDP6H5E" name="parametarization.SignupParameter" tests="1" failures="0" timestamp="11 Mar 2021 20:33:50 GMT" time="2.132" errors="0">
  <testcase name="flickrtest" time="2.132" classname="parametarization.SignupParameter"/>
</testsuite> <!-- parametarization.SignupParameter -->
