<?xml version="1.0" encoding="UTF-8"?>
<!-- Generated by org.testng.reporters.JUnitReportReporter -->
<testsuite hostname="DESKTOP-RDP6H5E" name="validateinsoopsion" tests="1" failures="0" timestamp="15 Dec 2019 16:44:12 GMT" time="0.060" errors="0">
  <testcase name="validateInsuranceOpsion" time="0.060" classname="validateinsoopsion"/>
</testsuite> <!-- validateinsoopsion -->
