<?xml version="1.0" encoding="UTF-8"?>
<!-- Generated by org.testng.reporters.JUnitReportReporter -->
<testsuite hostname="DESKTOP-RDP6H5E" name="signuptestscript.Signuptest" tests="2" failures="0" timestamp="11 Mar 2021 22:28:39 GMT" time="0.356" errors="0">
  <testcase name="validateSignupe" time="0.329" classname="signuptestscript.Signuptest"/>
  <testcase name="valedateURL" time="0.027" classname="signuptestscript.Signuptest"/>
</testsuite> <!-- signuptestscript.Signuptest -->
