<?xml version="1.0" encoding="UTF-8"?>
<!-- Generated by org.testng.reporters.JUnitReportReporter -->
<testsuite hostname="DESKTOP-RDP6H5E" name="signuptestscript.TestScript" tests="2" failures="0" timestamp="11 Mar 2021 04:32:39 GMT" time="1.288" errors="0">
  <testcase name="maintest" time="0.713" classname="signuptestscript.TestScript"/>
  <testcase name="maintest" time="0.575" classname="signuptestscript.TestScript"/>
</testsuite> <!-- signuptestscript.TestScript -->
